<?xml version="1.0" encoding="UTF-8"?>
<!-- Generated by org.testng.reporters.JUnitReportReporter -->
<testsuite hostname="Manul-W" failures="0" tests="1" name="tests.BaseClass" time="0.015" errors="0" timestamp="2021-06-10T00:06:00 IST" skipped="0">
  <testcase classname="tests.BaseClass" name="sampleTest" time="0.015"/>
  <system-out/>
</testsuite> <!-- tests.BaseClass -->
